<?xml version="1.0" encoding="UTF-8"?>
<testsuite xmlns:xsi="http://www.w3.org/2001/XMLSchema-instance" xsi:noNamespaceSchemaLocation="https://maven.apache.org/surefire/maven-surefire-plugin/xsd/surefire-test-report-3.0.xsd" version="3.0" name="TasksTest" time="37.495" tests="27" errors="0" skipped="0" failures="0">
  <properties>
[...]
</properties>
  <testcase name="displayOfRequests" classname="TasksTest" time="0.168"/>
  <testcase name="getInfoTask" classname="TasksTest" time="0.115"/>
  <testcase name="createApplication" classname="TasksTest" time="2.503">
    <system-out><![CDATA[{
    "createdBy": "Черников Дмитрий Витальевич",
    "createdDate": "2026-04-15 20:46:06.337",
    "lastModifiedBy": "Черников Дмитрий Витальевич",
    "lastModifiedDate": "2026-04-15 20:46:06.337",
    "deletedDate": null,
    "deletedBy": null,
    "isDelete": null,
    "id": "45a56429-4886-47a5-9f9f-43e7897940b8",
    "name": "автотест",
    "number": 9451,
    "closeDate": null,
    "statusAcceptance": null,
    "statusApplication": {
        "createdBy": "user",
        "createdDate": "2023-01-09 12:28:56.767",
        "lastModifiedBy": "user",
        "lastModifiedDate": "2023-01-09 12:28:56.767",
        "deletedDate": null,
        "deletedBy": null,
        "isDelete": null,
        "id": "ef1e31bd-35a5-4f84-90bc-776cb2f1f682",
        "name": "Новое"
    },
    "classifierEvent": {
        "createdBy": "Черников Дмитрий Витальевич",
        "createdDate": "2025-11-27 11:15:54.962",
        "lastModifiedBy": "Черников Дмитрий Витальевич",
        "lastModifiedDate": "2025-11-27 11:15:54.962",
        "deletedDate": null,
        "deletedBy": null,
        "isDelete": null,
        "id": "654b09d3-0fac-410d-b69d-2a475241b535",
        "number": 4469,
        "name": "Алина/Дима",
        "parentId": "ea51b5e2-04cf-4e11-ab4a-bdbadd31780e",
        "parentName": "Благодарность",
        "typeNode": "Тип объекта",
        "needAct": false,
        "needCheck": false,
        "needCheckList": false,
        "maybeWait": false,
        "slaStart": 60,
        "slaClose": 240,
        "favourId": null,
        "keywordBot": null,
        "stopEta": 60,
        "domaAiId": null,
        "standardTask": 180,
        "andromedaIds": [
            
        ],
        "cmtReceipt": null
    },
    "clientId": "56fe8853-9836-4586-9a09-3dfbd8d71d09",
    "clientIdName": "Черников Дмитрий Витальевич",
    "clientPhone": "+79304136748",
    "clientEmail": "DChernikov@sbercity.ru",
    "clientType": "ФЛ",
    "clientIsVip": false,
    "objectUk": {
        "createdBy": "AAntipov@sbercity.ru",
        "createdDate": "2024-04-08 17:38:04.993",
        "lastModifiedBy": "Хамидуллин Раиль",
        "lastModifiedDate": "2025-10-23 16:28:51.375",
        "deletedDate": null,
        "deletedBy": null,
        "isDelete": false,
        "id": "6ac475b8-cb65-4ebf-8e37-473b0a4b6957",
        "name": "д.1, корп.1, эт. 3, кв. 109",
        "quarter": "TEST",
        "frame": "1",
        "number": "109",
        "purposeObject": "Квартира",
        "floor": "3",
        "section": "4",
        "totalArea": 46.22,
        "livingArea": 11.56,
        "summerPremisesArea": 0.0,
        "auxiliaryArea": null,
        "areaWithSummerRoomsKoff": null,
        "areaWithSummerRoomsNoKoff": null,
        "areaWithoutBalcony": null,
        "ceilingHeight": 2.97,
        "location": null,
        "typeEquipment": null,
        "purposeEquipment": null,
        "externalSystem": null,
        "externalId": null,
        "isRentedCar": null,
        "parent": "e8a0b508-d0b3-4d32-9e60-0482aca7e930",
        "parentAndName": null,
        "typeObjectUk": "Квартира",
        "buildingAddress": "г. Москва, вн.тер.г. муниципальный округ Кунцево, кв-л 120, з/у 88",
        "mailingAddress": "г. Москва, ул. Рублево-Архангельская, д.1., корп.1., кв. 109",
        "purpose": null,
        "totalAreaAllOn": null,
        "oumArea": "м2",
        "accountsReceivable": null,
        "accountsPayable": null,
        "project": null,
        "region": null,
        "customer": null,
        "developer": null,
        "generalContractor": null,
        "serviceOrganization": null,
        "buildingNumber": null,
        "cadastralNumber": "0",
        "startSettlement": "2023-12-01 00:00:00.000",
        "stopSettlement": "2024-03-18 00:00:00.000",
        "numberSections": null,
        "numberFloorsInSectionEqual": null,
        "numberFloors": null,
        "numberLifts": null,
        "areaAllResidentialOnQuarter": null,
        "areaAllNonResidentialOnQuarter": null,
        "areaMop": null,
        "totalOn": null,
        "numberApartments": null,
        "numberNonResidentialRooms": null,
        "numberPantries": null,
        "numberParkingAuto": null,
        "numberParkingMoto": null,
        "energyEfficiencyClass": null,
        "factRecognizingHouseEmergency": null,
        "reasonRecognitionHouseEmergency": null,
        "documentRecognitionHouseEmergency": null,
        "landArea": null,
        "areaDrivewaysPaths": null,
        "areaPlayground": null,
        "areaSportsField": null,
        "numberBarriers": null,
        "numberBollards": null,
        "numberCamcorders": null,
        "areaLawn": null,
        "areaFlowerGarden": 0.0,
        "numberShrubs": 0,
        "numberTrees": 0,
        "numberInlets": null,
        "numberInletsTko": null,
        "numberInletsPlastic": null,
        "numberContainersTko": null,
        "valueContainersTko": null,
        "numberContainersMetal": null,
        "valueContainersMetal": null,
        "numberContainersGlass": null,
        "valueContainersGlass": null,
        "numberContainersPepper": null,
        "valueContainersPepper": null,
        "numberContainersTetrapak": null,
        "valueContainersTetrapak": null,
        "presenceVendingMachine": null,
        "presenceElectricChargesAuto": null,
        "numberElectricChargesAuto": null,
        "comments": null,
        "housingClass": "1",
        "numberFloorsInSections": 9,
        "numberRooms": 1,
        "typeBalcony": "Крытый",
        "typeBathroom": "Раздельный",
        "numberPerFloor": null,
        "areaEstimatedFact": null,
        "areaCoefficientMop": null,
        "isRented": null,
        "areaAdultRecreation": null,
        "conditionalNumber": "109",
        "btiHouseCode": "111111",
        "isTireService": null,
        "totalSummerPremisesAreaQuarter": null,
        "unitType": null,
        "sectionType": null,
        "propertyId": null,
        "btiArea": 46.22,
        "typeParking": null,
        "driverEmployeeId": null,
        "driverFIO": null,
        "nameCalendar": null,
        "monitoringAnalysisResult": null
    },
    "classifierEventType": {
        "createdBy": "user",
        "createdDate": "2024-04-23 18:00:00.000",
        "lastModifiedBy": "Черников Дмитрий Витальевич",
        "lastModifiedDate": "2026-02-10 10:21:23.023",
        "deletedDate": null,
        "deletedBy": null,
        "isDelete": null,
        "id": "ea51b5e2-04cf-4e11-ab4a-bdbadd31780e",
        "number": 2651,
        "name": "Благодарность",
        "parentId": null,
        "parentName": null,
        "typeNode": "Тип события",
        "needAct": false,
        "needCheck": false,
        "needCheckList": false,
        "maybeWait": false,
        "slaStart": 60,
        "slaClose": 120,
        "favourId": null,
        "keywordBot": null,
        "stopEta": 119,
        "domaAiId": null,
        "standardTask": 1,
        "andromedaIds": [
            
        ],
        "cmtReceipt": null
    },
    "classifierEventMesto1": {
        "createdBy": "Черников Дмитрий Витальевич",
        "createdDate": "2025-11-27 11:15:54.962",
        "lastModifiedBy": "Черников Дмитрий Витальевич",
        "lastModifiedDate": "2025-11-27 11:15:54.962",
        "deletedDate": null,
        "deletedBy": null,
        "isDelete": null,
        "id": "654b09d3-0fac-410d-b69d-2a475241b535",
        "number": 4469,
        "name": "Алина/Дима",
        "parentId": "ea51b5e2-04cf-4e11-ab4a-bdbadd31780e",
        "parentName": "Благодарность",
        "typeNode": "Тип объекта",
        "needAct": false,
        "needCheck": false,
        "needCheckList": false,
        "maybeWait": false,
        "slaStart": 60,
        "slaClose": 240,
        "favourId": null,
        "keywordBot": null,
        "stopEta": 60,
        "domaAiId": null,
        "standardTask": 180,
        "andromedaIds": [
            
        ],
        "cmtReceipt": null
    },
    "classifierEventMesto2": null,
    "classifierEventMesto3": null,
    "classifierEventProblem1": null,
    "classifierEventProblem2": null,
    "classifierEventPriority": null,
    "priorityApplication": null,
    "description": "<p>автотест</p>",
    "planExecutionDate": null,
    "dependenceDate": null,
    "easyDate": null,
    "easyDateStop": null,
    "channelCommunication": null,
    "responsibleId": "b69f0af0-43bd-4a37-b3c1-f68c123fde0c",
    "responsibleIdName": "Черников Дмитрий Витальевич",
    "responsibleIdEmail": "DChernikov@sbercity.ru",
    "responsiblePhone": "+79304136740",
    "channelApplication": {
        "createdBy": null,
        "createdDate": null,
        "lastModifiedBy": null,
        "lastModifiedDate": null,
        "deletedDate": null,
        "deletedBy": null,
        "isDelete": null,
        "id": "db1ceb48-883a-4ae3-8a3c-52d08873c33f",
        "name": "Телефон"
    },
    "startDate": null,
    "executionDate": null,
    "classifierEventTypeList": [
        {
            "createdBy": "user",
            "createdDate": "2024-04-23 18:00:00.000",
            "lastModifiedBy": "Игорь Иванцов Юрьевич",
            "lastModifiedDate": "2025-11-27 10:51:51.921",
            "deletedDate": null,
            "deletedBy": null,
            "isDelete": null,
            "id": "e545ea4c-aac6-4caa-941f-cd712bc613cb",
            "number": 2652,
            "name": "Жалоба",
            "parentId": null,
            "parentName": null,
            "typeNode": "Тип события",
            "needAct": false,
            "needCheck": true,
            "needCheckList": false,
            "maybeWait": false,
            "slaStart": 1,
            "slaClose": 120,
            "favourId": null,
            "keywordBot": null,
            "stopEta": 0,
            "domaAiId": null,
            "standardTask": 0,
            "andromedaIds": [
                
            ],
            "cmtReceipt": null
        },
        {
            "createdBy": "user",
            "createdDate": "2024-04-23 18:00:00.000",
            "lastModifiedBy": "APak@sbercity.ru",
            "lastModifiedDate": "2025-03-21 13:46:41.840",
            "deletedDate": null,
            "deletedBy": null,
            "isDelete": null,
            "id": "5e37bdab-360b-4d01-888d-7c545dedf395",
            "number": 2650,
            "name": "Заявка",
            "parentId": null,
            "parentName": null,
            "typeNode": "Тип события",
            "needAct": true,
            "needCheck": false,
            "needCheckList": true,
            "maybeWait": true,
            "slaStart": 240,
            "slaClose": 240,
            "favourId": null,
            "keywordBot": null,
            "stopEta": null,
            "domaAiId": null,
            "standardTask": 0,
            "andromedaIds": [
                
            ],
            "cmtReceipt": null
        },
        {
            "createdBy": "Белашов Дмитрий Александрович",
            "createdDate": "2026-01-19 10:11:57.039",
            "lastModifiedBy": "Белашов Дмитрий Александрович",
            "lastModifiedDate": "2026-03-20 11:00:46.818",
            "deletedDate": null,
            "deletedBy": null,
            "isDelete": null,
            "id": "92b778ca-b066-4a43-a1b7-0a002ecfde2c",
            "number": 4471,
            "name": "Смок 29016",
            "parentId": null,
            "parentName": null,
            "typeNode": "Тип события",
            "needAct": true,
            "needCheck": true,
            "needCheckList": true,
            "maybeWait": true,
            "slaStart": 60,
            "slaClose": 120,
            "favourId": null,
            "keywordBot": null,
            "stopEta": 60,
            "domaAiId": null,
            "standardTask": 60,
            "andromedaIds": [
                
            ],
            "cmtReceipt": false
        },
        {
            "createdBy": "Акаев Даниэль Юсупович",
            "createdDate": "2026-01-20 12:37:15.667",
            "lastModifiedBy": "Черников Дмитрий Витальевич",
            "lastModifiedDate": "2026-01-30 12:59:08.580",
            "deletedDate": null,
            "deletedBy": null,
            "isDelete": null,
            "id": "73172d9b-f82e-4d82-a2bc-71f215384003",
            "number": 4473,
            "name": "Тест",
            "parentId": null,
            "parentName": null,
            "typeNode": "Тип события",
            "needAct": true,
            "needCheck": true,
            "needCheckList": false,
            "maybeWait": false,
            "slaStart": 43200,
            "slaClose": 74880,
            "favourId": "6ed4d972-be1b-412b-ee7b-f3192ae70388",
            "keywordBot": null,
            "stopEta": 43200,
            "domaAiId": null,
            "standardTask": 60,
            "andromedaIds": [
                
            ],
            "cmtReceipt": null
        },
        {
            "createdBy": "user",
            "createdDate": "2024-04-23 18:00:00.000",
            "lastModifiedBy": "Черников Дмитрий Витальевич",
            "lastModifiedDate": "2026-02-10 10:21:23.023",
            "deletedDate": null,
            "deletedBy": null,
            "isDelete": null,
            "id": "ea51b5e2-04cf-4e11-ab4a-bdbadd31780e",
            "number": 2651,
            "name": "Благодарность",
            "parentId": null,
            "parentName": null,
            "typeNode": "Тип события",
            "needAct": false,
            "needCheck": false,
            "needCheckList": false,
            "maybeWait": false,
            "slaStart": 60,
            "slaClose": 120,
            "favourId": null,
            "keywordBot": null,
            "stopEta": 119,
            "domaAiId": null,
            "standardTask": 1,
            "andromedaIds": [
                
            ],
            "cmtReceipt": null
        },
        {
            "createdBy": "EMuravyov@sbercity.ru",
            "createdDate": "2025-05-05 13:34:53.761",
            "lastModifiedBy": "Черников Дмитрий Витальевич",
            "lastModifiedDate": "2026-02-11 15:53:37.607",
            "deletedDate": null,
            "deletedBy": null,
            "isDelete": null,
            "id": "4403fd18-abc8-4429-bc34-e944c954c781",
            "number": 4439,
            "name": "rthtyjty1",
            "parentId": null,
            "parentName": null,
            "typeNode": "Тип события",
            "needAct": true,
            "needCheck": true,
            "needCheckList": true,
            "maybeWait": false,
            "slaStart": 540,
            "slaClose": 600,
            "favourId": null,
            "keywordBot": null,
            "stopEta": 60,
            "domaAiId": null,
            "standardTask": 60,
            "andromedaIds": [
                
            ],
            "cmtReceipt": null
        },
        {
            "createdBy": "Белашов Дмитрий Александрович",
            "createdDate": "2026-03-01 10:50:01.453",
            "lastModifiedBy": "Белашов Дмитрий Александрович",
            "lastModifiedDate": "2026-03-01 12:35:03.800",
            "deletedDate": null,
            "deletedBy": null,
            "isDelete": false,
            "id": "aa2a88dd-b4c4-448b-ae01-f023cd036a31",
            "number": 4513,
            "name": "смок2702",
            "parentId": null,
            "parentName": null,
            "typeNode": "Тип события",
            "needAct": true,
            "needCheck": true,
            "needCheckList": true,
            "maybeWait": true,
            "slaStart": 60,
            "slaClose": 120,
            "favourId": null,
            "keywordBot": null,
            "stopEta": 60,
            "domaAiId": null,
            "standardTask": 60,
            "andromedaIds": [
                
            ],
            "cmtReceipt": false
        },
        {
            "createdBy": "Козырь Юрий Валерьевич",
            "createdDate": "2026-03-19 17:49:38.560",
            "lastModifiedBy": "Козырь Юрий Валерьевич",
            "lastModifiedDate": "2026-03-19 17:49:38.560",
            "deletedDate": null,
            "deletedBy": null,
            "isDelete": null,
            "id": "e432502f-6131-4ee0-b2a4-b76429ef9a10",
            "number": 4522,
            "name": "1 уровень классификатора",
            "parentId": null,
            "parentName": null,
            "typeNode": "Тип события",
            "needAct": false,
            "needCheck": false,
            "needCheckList": false,
            "maybeWait": false,
            "slaStart": 1440,
            "slaClose": 1440,
            "favourId": null,
            "keywordBot": null,
            "stopEta": 60,
            "domaAiId": null,
            "standardTask": 60,
            "andromedaIds": [
                
            ],
            "cmtReceipt": null
        },
        {
            "createdBy": "Андрей Антипов Анатольевич",
            "createdDate": "2026-04-02 15:20:08.879",
            "lastModifiedBy": null,
            "lastModifiedDate": null,
            "deletedDate": null,
            "deletedBy": null,
            "isDelete": null,
            "id": "4cc56887-b21c-42a8-8a17-b37b18a752b2",
            "number": 4529,
            "name": "Внутренние задачи",
            "parentId": null,
            "parentName": null,
            "typeNode": "Тип события",
            "needAct": false,
            "needCheck": false,
            "needCheckList": false,
            "maybeWait": false,
            "slaStart": 1440,
            "slaClose": 10080,
            "favourId": null,
            "keywordBot": null,
            "stopEta": 2880,
            "domaAiId": null,
            "standardTask": 60,
            "andromedaIds": [
                
            ],
            "cmtReceipt": null
        },
        {
            "createdBy": "Белашов Дмитрий Александрович",
            "createdDate": "2026-04-10 14:02:16.030",
            "lastModifiedBy": "Белашов Дмитрий Александрович",
            "lastModifiedDate": "2026-04-10 14:02:16.030",
            "deletedDate": null,
            "deletedBy": null,
            "isDelete": null,
            "id": "7fb50b64-645a-42e3-a6ef-823da64ecfd4",
            "number": 4532,
            "name": "смок 100426",
            "parentId": null,
            "parentName": null,
            "typeNode": "Тип события",
            "needAct": true,
            "needCheck": true,
            "needCheckList": true,
            "maybeWait": true,
            "slaStart": 60,
            "slaClose": 120,
            "favourId": null,
            "keywordBot": null,
            "stopEta": 60,
            "domaAiId": null,
            "standardTask": 60,
            "andromedaIds": [
                
            ],
            "cmtReceipt": null
        },
        {
            "createdBy": "Белашов Дмитрий Александрович",
            "createdDate": "2026-04-11 20:55:17.497",
            "lastModifiedBy": "Белашов Дмитрий Александрович",
            "lastModifiedDate": "2026-04-11 21:05:49.331",
            "deletedDate": null,
            "deletedBy": null,
            "isDelete": false,
            "id": "e74cc882-519e-4adb-9f6e-377cd160a629",
            "number": 4539,
            "name": "смок1104+1 для удаления",
            "parentId": null,
            "parentName": null,
            "typeNode": "Тип события",
            "needAct": true,
            "needCheck": false,
            "needCheckList": true,
            "maybeWait": true,
            "slaStart": 60,
            "slaClose": 120,
            "favourId": "202d6372-589a-418e-9d35-a2290c978d73",
            "keywordBot": null,
            "stopEta": 60,
            "domaAiId": null,
            "standardTask": 60,
            "andromedaIds": [
                
            ],
            "cmtReceipt": null
        }
    ],
    "classifierEventMesto1List": [
        {
            "createdBy": "ANavasardyan@sbercity.ru",
            "createdDate": "2024-09-04 19:44:09.863",
            "lastModifiedBy": "ANavasardyan@sbercity.ru",
            "lastModifiedDate": "2024-09-04 19:44:48.100",
            "deletedDate": null,
            "deletedBy": null,
            "isDelete": null,
            "id": "eb4a31d5-5924-4518-a1fa-38d3af8f9e29",
            "number": 4424,
            "name": "Тестыч",
            "parentId": "ea51b5e2-04cf-4e11-ab4a-bdbadd31780e",
            "parentName": "Благодарность",
            "typeNode": "Тип помещения/услуги",
            "needAct": true,
            "needCheck": true,
            "needCheckList": true,
            "maybeWait": true,
            "slaStart": 157265,
            "slaClose": 1106225,
            "favourId": null,
            "keywordBot": null,
            "stopEta": 0,
            "domaAiId": null,
            "standardTask": 0,
            "andromedaIds": [
                
            ],
            "cmtReceipt": null
        },
        {
            "createdBy": "user",
            "createdDate": "2024-04-23 18:00:00.000",
            "lastModifiedBy": "ANavasardyan@sbercity.ru",
            "lastModifiedDate": "2024-07-21 22:40:57.166",
            "deletedDate": null,
            "deletedBy": null,
            "isDelete": null,
            "id": "3460f4cb-efa4-45a5-94bb-628484837473",
            "number": 2668,
            "name": "МКД",
            "parentId": "ea51b5e2-04cf-4e11-ab4a-bdbadd31780e",
            "parentName": "Благодарность",
            "typeNode": "Тип объекта",
            "needAct": true,
            "needCheck": true,
            "needCheckList": true,
            "maybeWait": true,
            "slaStart": 123,
            "slaClose": 123,
            "favourId": null,
            "keywordBot": null,
            "stopEta": 0,
            "domaAiId": null,
            "standardTask": 0,
            "andromedaIds": [
                
            ],
            "cmtReceipt": null
        },
        {
            "createdBy": "ЧерниковЪ Дмитрий Витальевич",
            "createdDate": "2025-10-16 14:51:06.440",
            "lastModifiedBy": "ЧерниковЪ Дмитрий Витальевич",
            "lastModifiedDate": "2025-10-16 14:51:06.440",
            "deletedDate": null,
            "deletedBy": null,
            "isDelete": null,
            "id": "0caff463-5043-4531-9ab2-ff33581164ee",
            "number": 4459,
            "name": "Бронирование",
            "parentId": "ea51b5e2-04cf-4e11-ab4a-bdbadd31780e",
            "parentName": "Благодарность",
            "typeNode": "Приоритет",
            "needAct": false,
            "needCheck": false,
            "needCheckList": false,
            "maybeWait": false,
            "slaStart": 120,
            "slaClose": 120,
            "favourId": null,
            "keywordBot": null,
            "stopEta": 0,
            "domaAiId": null,
            "standardTask": 120,
            "andromedaIds": [
                
            ],
            "cmtReceipt": null
        },
        {
            "createdBy": "Белашов Дмитрий Александрович",
            "createdDate": "2026-01-26 12:15:15.962",
            "lastModifiedBy": "Белашов Дмитрий Александрович",
            "lastModifiedDate": "2026-01-26 12:15:15.962",
            "deletedDate": null,
            "deletedBy": null,
            "isDelete": null,
            "id": "92906d4b-08cc-416a-b736-008929c33028",
            "number": 4474,
            "name": "СОТОВ",
            "parentId": "ea51b5e2-04cf-4e11-ab4a-bdbadd31780e",
            "parentName": "Благодарность",
            "typeNode": "Тип объекта",
            "needAct": true,
            "needCheck": true,
            "needCheckList": true,
            "maybeWait": true,
            "slaStart": 60,
            "slaClose": 120,
            "favourId": null,
            "keywordBot": null,
            "stopEta": 60,
            "domaAiId": null,
            "standardTask": 60,
            "andromedaIds": [
                
            ],
            "cmtReceipt": null
        },
        {
            "createdBy": "Черников Дмитрий Витальевич",
            "createdDate": "2026-02-05 10:42:09.670",
            "lastModifiedBy": "Черников Дмитрий Витальевич",
            "lastModifiedDate": "2026-02-05 10:42:09.670",
            "deletedDate": null,
            "deletedBy": null,
            "isDelete": null,
            "id": "b6fe8585-919b-4754-b7f1-fdf42a6de3a5",
            "number": 4489,
            "name": "Тип объекта",
            "parentId": "ea51b5e2-04cf-4e11-ab4a-bdbadd31780e",
            "parentName": "Благодарность",
            "typeNode": "Тип объекта",
            "needAct": null,
            "needCheck": null,
            "needCheckList": null,
            "maybeWait": null,
            "slaStart": 240,
            "slaClose": 720,
            "favourId": null,
            "keywordBot": null,
            "stopEta": 120,
            "domaAiId": null,
            "standardTask": 60,
            "andromedaIds": [
                
            ],
            "cmtReceipt": null
        },
        {
            "createdBy": "Черников Дмитрий Витальевич",
            "createdDate": "2026-03-04 11:05:36.134",
            "lastModifiedBy": "Черников Дмитрий Витальевич",
            "lastModifiedDate": "2026-03-04 11:55:34.656",
            "deletedDate": null,
            "deletedBy": null,
            "isDelete": null,
            "id": "cb134cac-26f4-4726-ab82-5eb8a9307bae",
            "number": 4521,
            "name": "Sla 12дней",
            "parentId": "ea51b5e2-04cf-4e11-ab4a-bdbadd31780e",
            "parentName": "Благодарность",
            "typeNode": "Тип объекта",
            "needAct": false,
            "needCheck": false,
            "needCheckList": false,
            "maybeWait": false,
            "slaStart": 1,
            "slaClose": 17280,
            "favourId": null,
            "keywordBot": null,
            "stopEta": 60,
            "domaAiId": null,
            "standardTask": 60,
            "andromedaIds": [
                
            ],
            "cmtReceipt": null
        },
        {
            "createdBy": "Черников Дмитрий Витальевич",
            "createdDate": "2025-11-27 11:15:54.962",
            "lastModifiedBy": "Черников Дмитрий Витальевич",
            "lastModifiedDate": "2026-04-13 15:56:08.310",
            "deletedDate": null,
            "deletedBy": null,
            "isDelete": null,
            "id": "654b09d3-0fac-410d-b69d-2a475241b535",
            "number": 4469,
            "name": "Алина/Дима. sla 2 мин",
            "parentId": "ea51b5e2-04cf-4e11-ab4a-bdbadd31780e",
            "parentName": "Благодарность",
            "typeNode": "Тип объекта",
            "needAct": false,
            "needCheck": false,
            "needCheckList": false,
            "maybeWait": true,
            "slaStart": 1,
            "slaClose": 2,
            "favourId": null,
            "keywordBot": null,
            "stopEta": 1,
            "domaAiId": null,
            "standardTask": 1,
            "andromedaIds": [
                
            ],
            "cmtReceipt": null
        }
    ],
    "classifierEventMesto2List": [
        
    ],
    "classifierEventMesto3List": [
        
    ],
    "classifierEventProblem1List": [
        
    ],
    "classifierEventProblem2List": [
        
    ],
    "classifierEventPriorityList": [
        
    ],
    "domaId": null,
    "domaNumber": null,
    "favourId": null,
    "favourName": null,
    "tariffId": null,
    "tariffName": null,
    "costDiscount": null,
    "paymentTypeId": null,
    "paymentTypeName": null,
    "proposalId": null,
    "andromedaId": null,
    "idTransaction": null,
    "paymentSuccess": null,
    "proposalStatus": null,
    "comment": null,
    "ecobonus": null,
    "paymentDateTime": null,
    "cost": null,
    "dutyStatus": null,
    "follower": null,
    "lastVoiceRecord": null,
    "rentObjectUk": null,
    "evaluationApplication": null
}
45a56429-4886-47a5-9f9f-43e7897940b8
]]></system-out>
  </testcase>
  <testcase name="viewingDocumentOnTask" classname="TasksTest" time="1.004"/>
  <testcase name="displayOfDeleteTask" classname="TasksTest" time="0.207"/>
  <testcase name="editApplication" classname="TasksTest" time="2.574">
    <system-out><![CDATA[602de811-808b-4dd0-bf1d-8b83aff042cc
]]></system-out>
  </testcase>
  <testcase name="sendMessageInterior" classname="TasksTest" time="0.139"/>
  <testcase name="testMessageInWebSocketChat" classname="TasksTest" time="0.291">
    <system-out><![CDATA[🔄 Начинаем тест с сообщением: автотест 1776275170347
✅ WebSocket подключен
📤 Отправляем сообщение в чат...
📨 WebSocket получил: {"id":"a73a7299-79c6-4d33-9d81-99bf15bf97c6","createdDate":"2026-04-15 20:46:10.607","createdBy":"Черников Дмитрий Витальевич","createdByName":"Черников Дмитрий Витальевич","employeeId":"b69f0af0-43bd-4a37-b3c1-f68c123fde0c","title":"автотест 1776275170347","isUpdated":false,"documents":[],"new":true}
🎯 Нашли наше сообщение!
✅ Сообщение отправлено, статус: 200
⏳ Ожидаем сообщение в чате (10 секунд)...
✅ Тест пройден! Сообщение успешно получено через WebSocket
]]></system-out>
  </testcase>
  <testcase name="getInfoApplication" classname="TasksTest" time="0.102">
    <system-out><![CDATA[Request method:	GET
Request URI:	http://172.20.207.16/api/client-relations/application-full/f9a4324d-9990-4ef7-bd58-32654c3a7b1d
Proxy:			<none>
Request params:	<none>
Query params:	<none>
Form params:	<none>
Path params:	<none>
Headers:		Authorization=Bearer eyJhbGciOiJIUzUxMiJ9.eyJzdWIiOiJEQ2hlcm5pa292QHNiZXJjaXR5LnJ1IiwiZXhwIjoxNzc2MzYxNTYzLCJyb2xlcyI6eyJpZCI6ImNjZWQ0NTg1LWUzNTgtNDBiZi04NjE0LTAxYjBiZDM5NDM5YiIsIm5hbWUiOiLQkNC00LzQuNC90LjRgdGC0YDQsNGC0L7RgCIsImdyb3VwQWNjZXNzZXMiOlt7ImlkIjoiMTQwYTAyMTAtZDFkMS00MzllLWIzYTQtMGVlNWJlNmQyOWQyIiwibmFtZSI6ItCQ0LTQvNC40L3QuNGB0YLRgNCw0YLQvtGAIC0g0L_QvtC70L3Ri9C5INC00L7RgdGC0YPQvyJ9XX0sImZpcnN0TmFtZSI6ItCn0LXRgNC90LjQutC-0LIg0JTQvNC40YLRgNC40Lkg0JLQuNGC0LDQu9GM0LXQstC40YciLCJpZCI6IjAxYmI2NmNjLTY0NTYtNDFjZS05ZmI3LWFkMzhjMjVmZWE0MyIsImVtcGxveWVlSWQiOiJiNjlmMGFmMC00M2JkLTRhMzctYjNjMS1mNjhjMTIzZmRlMGMiLCJpc0NvbnRyYWN0b3IiOmZhbHNlLCJzZXNzaW9uSWQiOiJiZmEwOWU3Mi04ZTBmLTQ0ZDQtYWFhOS1kYjI0MWVmMDExMTYifQ.sKbORqB3-uHnJ7FA5wiv_P_gpVaGeZiFIyUzI1MvLmI_n4F9h38sBLxFGBK2JZF33hdOqRqWUMFR4cGhBgADtQ
				Accept=*/*
				Content-Type=application/json; charset=UTF-8
Cookies:		<none>
Multiparts:		<none>
Body:			<none>
]]></system-out>
  </testcase>
  <testcase name="getTask" classname="TasksTest" time="0.119"/>
  <testcase name="getInfoGroupApplication" classname="TasksTest" time="0.072"/>
  <testcase name="displayOfTasks" classname="TasksTest" time="0.204"/>
  <testcase name="restoreTask" classname="TasksTest" time="2.606">
    <system-out><![CDATA[🔌 WebSocket закрыт: 
]]></system-out>
  </testcase>
  <testcase name="createAndDeleteTask" classname="TasksTest" time="2.876">
    <system-out><![CDATA[{
    "createdBy": "Черников Дмитрий Витальевич",
    "createdDate": "2026-04-15 20:46:16.183",
    "lastModifiedBy": "Черников Дмитрий Витальевич",
    "lastModifiedDate": "2026-04-15 20:46:16.183",
    "deletedDate": null,
    "deletedBy": null,
    "isDelete": null,
    "id": "78ef5fb2-23a9-4935-9b9a-d905579b3b2b",
    "name": "тест",
    "number": null,
    "closeDate": null,
    "statusAcceptance": null,
    "statusTask": {
        "createdBy": "user",
        "createdDate": "2023-01-09 12:28:56.767",
        "lastModifiedBy": "user",
        "lastModifiedDate": "2023-01-09 12:28:56.767",
        "deletedDate": null,
        "deletedBy": null,
        "isDelete": null,
        "id": "ef1e31bd-35a5-4f84-90bc-776cb2f1f682",
        "name": "Новое"
    },
    "clientId": "56fe8853-9836-4586-9a09-3dfbd8d71d09",
    "clientIdName": "Черников Дмитрий Витальевич",
    "clientPhone": "+79304136748",
    "clientEmail": "DChernikov@sbercity.ru",
    "clientType": "ФЛ",
    "clientIsVip": false,
    "levelLoyalty": "Лояльный",
    "objectUk": {
        "createdBy": "AAntipov@sbercity.ru",
        "createdDate": "2024-04-08 17:38:04.993",
        "lastModifiedBy": "Хамидуллин Раиль",
        "lastModifiedDate": "2025-10-23 16:28:51.375",
        "deletedDate": null,
        "deletedBy": null,
        "isDelete": false,
        "id": "6ac475b8-cb65-4ebf-8e37-473b0a4b6957",
        "name": "д.1, корп.1, эт. 3, кв. 109",
        "quarter": "TEST",
        "frame": "1",
        "number": "109",
        "purposeObject": "Квартира",
        "floor": "3",
        "section": "4",
        "totalArea": 46.22,
        "livingArea": 11.56,
        "summerPremisesArea": 0.0,
        "auxiliaryArea": null,
        "areaWithSummerRoomsKoff": null,
        "areaWithSummerRoomsNoKoff": null,
        "areaWithoutBalcony": null,
        "ceilingHeight": 2.97,
        "location": null,
        "typeEquipment": null,
        "purposeEquipment": null,
        "externalSystem": null,
        "externalId": null,
        "isRentedCar": null,
        "parent": "e8a0b508-d0b3-4d32-9e60-0482aca7e930",
        "parentAndName": null,
        "typeObjectUk": "Квартира",
        "buildingAddress": "г. Москва, вн.тер.г. муниципальный округ Кунцево, кв-л 120, з/у 88",
        "mailingAddress": "г. Москва, ул. Рублево-Архангельская, д.1., корп.1., кв. 109",
        "purpose": null,
        "totalAreaAllOn": null,
        "oumArea": "м2",
        "accountsReceivable": null,
        "accountsPayable": null,
        "project": null,
        "region": null,
        "customer": null,
        "developer": null,
        "generalContractor": null,
        "serviceOrganization": null,
        "buildingNumber": null,
        "cadastralNumber": "0",
        "startSettlement": "2023-12-01 00:00:00.000",
        "stopSettlement": "2024-03-18 00:00:00.000",
        "numberSections": null,
        "numberFloorsInSectionEqual": null,
        "numberFloors": null,
        "numberLifts": null,
        "areaAllResidentialOnQuarter": null,
        "areaAllNonResidentialOnQuarter": null,
        "areaMop": null,
        "totalOn": null,
        "numberApartments": null,
        "numberNonResidentialRooms": null,
        "numberPantries": null,
        "numberParkingAuto": null,
        "numberParkingMoto": null,
        "energyEfficiencyClass": null,
        "factRecognizingHouseEmergency": null,
        "reasonRecognitionHouseEmergency": null,
        "documentRecognitionHouseEmergency": null,
        "landArea": null,
        "areaDrivewaysPaths": null,
        "areaPlayground": null,
        "areaSportsField": null,
        "numberBarriers": null,
        "numberBollards": null,
        "numberCamcorders": null,
        "areaLawn": null,
        "areaFlowerGarden": 0.0,
        "numberShrubs": 0,
        "numberTrees": 0,
        "numberInlets": null,
        "numberInletsTko": null,
        "numberInletsPlastic": null,
        "numberContainersTko": null,
        "valueContainersTko": null,
        "numberContainersMetal": null,
        "valueContainersMetal": null,
        "numberContainersGlass": null,
        "valueContainersGlass": null,
        "numberContainersPepper": null,
        "valueContainersPepper": null,
        "numberContainersTetrapak": null,
        "valueContainersTetrapak": null,
        "presenceVendingMachine": null,
        "presenceElectricChargesAuto": null,
        "numberElectricChargesAuto": null,
        "comments": null,
        "housingClass": "1",
        "numberFloorsInSections": 9,
        "numberRooms": 1,
        "typeBalcony": "Крытый",
        "typeBathroom": "Раздельный",
        "numberPerFloor": null,
        "areaEstimatedFact": null,
        "areaCoefficientMop": null,
        "isRented": null,
        "areaAdultRecreation": null,
        "conditionalNumber": "109",
        "btiHouseCode": "111111",
        "isTireService": null,
        "totalSummerPremisesAreaQuarter": null,
        "unitType": null,
        "sectionType": null,
        "propertyId": null,
        "btiArea": 46.22,
        "typeParking": null,
        "driverEmployeeId": null,
        "driverFIO": null,
        "nameCalendar": null,
        "monitoringAnalysisResult": null
    },
    "classifierEvent": {
        "createdBy": "Черников Дмитрий Витальевич",
        "createdDate": "2025-11-27 11:15:54.962",
        "lastModifiedBy": "Черников Дмитрий Витальевич",
        "lastModifiedDate": "2026-04-13 15:56:08.310",
        "deletedDate": null,
        "deletedBy": null,
        "isDelete": null,
        "id": "654b09d3-0fac-410d-b69d-2a475241b535",
        "number": 4469,
        "name": "Алина/Дима. sla 2 мин",
        "parentId": "ea51b5e2-04cf-4e11-ab4a-bdbadd31780e",
        "parentName": "Благодарность",
        "typeNode": "Тип объекта",
        "needAct": false,
        "needCheck": false,
        "needCheckList": false,
        "maybeWait": true,
        "slaStart": 1,
        "slaClose": 2,
        "favourId": null,
        "keywordBot": null,
        "stopEta": 1,
        "domaAiId": null,
        "standardTask": 1,
        "andromedaIds": [
            
        ],
        "cmtReceipt": null
    },
    "classifierEventType": {
        "createdBy": "user",
        "createdDate": "2024-04-23 18:00:00.000",
        "lastModifiedBy": "Черников Дмитрий Витальевич",
        "lastModifiedDate": "2026-02-10 10:21:23.023",
        "deletedDate": null,
        "deletedBy": null,
        "isDelete": null,
        "id": "ea51b5e2-04cf-4e11-ab4a-bdbadd31780e",
        "number": 2651,
        "name": "Благодарность",
        "parentId": null,
        "parentName": null,
        "typeNode": "Тип события",
        "needAct": false,
        "needCheck": false,
        "needCheckList": false,
        "maybeWait": false,
        "slaStart": 60,
        "slaClose": 120,
        "favourId": null,
        "keywordBot": null,
        "stopEta": 119,
        "domaAiId": null,
        "standardTask": 1,
        "andromedaIds": [
            
        ],
        "cmtReceipt": null
    },
    "classifierEventMesto1": {
        "createdBy": "Черников Дмитрий Витальевич",
        "createdDate": "2025-11-27 11:15:54.962",
        "lastModifiedBy": "Черников Дмитрий Витальевич",
        "lastModifiedDate": "2026-04-13 15:56:08.310",
        "deletedDate": null,
        "deletedBy": null,
        "isDelete": null,
        "id": "654b09d3-0fac-410d-b69d-2a475241b535",
        "number": 4469,
        "name": "Алина/Дима. sla 2 мин",
        "parentId": "ea51b5e2-04cf-4e11-ab4a-bdbadd31780e",
        "parentName": "Благодарность",
        "typeNode": "Тип объекта",
        "needAct": false,
        "needCheck": false,
        "needCheckList": false,
        "maybeWait": true,
        "slaStart": 1,
        "slaClose": 2,
        "favourId": null,
        "keywordBot": null,
        "stopEta": 1,
        "domaAiId": null,
        "standardTask": 1,
        "andromedaIds": [
            
        ],
        "cmtReceipt": null
    },
    "classifierEventMesto2": null,
    "classifierEventMesto3": null,
    "classifierEventProblem1": null,
    "classifierEventProblem2": null,
    "classifierEventPriority": null,
    "priorityTask": {
        "createdBy": "user",
        "createdDate": "2023-01-09 12:28:56.767",
        "lastModifiedBy": "user",
        "lastModifiedDate": "2023-01-09 12:28:56.767",
        "deletedDate": null,
        "deletedBy": null,
        "isDelete": null,
        "color": null,
        "backgroundColor": null,
        "icon": null,
        "id": "fefcb1ce-c0c9-48f9-b120-f5d6b678cbba",
        "name": "Обычная"
    },
    "description": "<p>тест</p>",
    "parentId": null,
    "parentIdName": null,
    "executorId": "b69f0af0-43bd-4a37-b3c1-f68c123fde0c",
    "executorIdName": "Черников Дмитрий Витальевич",
    "executorPhone": "+79304136740",
    "channelTask": {
        "createdBy": "user",
        "createdDate": "2023-01-09 12:28:56.767",
        "lastModifiedBy": "user",
        "lastModifiedDate": "2023-01-09 12:28:56.767",
        "deletedDate": null,
        "deletedBy": null,
        "isDelete": null,
        "id": "db1ceb48-883a-4ae3-8a3c-52d08873c33f",
        "name": "Телефон"
    },
    "startDate": null,
    "executionDate": null,
    "dependenceDate": null,
    "planStartDate": "2026-04-15 21:46:16.138",
    "planExecutionDate": "2026-04-16 00:46:16.138",
    "easyDate": null,
    "easyDateStop": null,
    "channelCommunication": null,
    "coExecutorId": null,
    "coExecutorIdName": null,
    "coExecutorPhone": null,
    "postmenTaskId": null,
    "classifierEventTypeList": [
        {
            "createdBy": "user",
            "createdDate": "2024-04-23 18:00:00.000",
            "lastModifiedBy": "Игорь Иванцов Юрьевич",
            "lastModifiedDate": "2025-11-27 10:51:51.921",
            "deletedDate": null,
            "deletedBy": null,
            "isDelete": null,
            "id": "e545ea4c-aac6-4caa-941f-cd712bc613cb",
            "number": 2652,
            "name": "Жалоба",
            "parentId": null,
            "parentName": null,
            "typeNode": "Тип события",
            "needAct": false,
            "needCheck": true,
            "needCheckList": false,
            "maybeWait": false,
            "slaStart": 1,
            "slaClose": 120,
            "favourId": null,
            "keywordBot": null,
            "stopEta": 0,
            "domaAiId": null,
            "standardTask": 0,
            "andromedaIds": [
                
            ],
            "cmtReceipt": null
        },
        {
            "createdBy": "user",
            "createdDate": "2024-04-23 18:00:00.000",
            "lastModifiedBy": "APak@sbercity.ru",
            "lastModifiedDate": "2025-03-21 13:46:41.840",
            "deletedDate": null,
            "deletedBy": null,
            "isDelete": null,
            "id": "5e37bdab-360b-4d01-888d-7c545dedf395",
            "number": 2650,
            "name": "Заявка",
            "parentId": null,
            "parentName": null,
            "typeNode": "Тип события",
            "needAct": true,
            "needCheck": false,
            "needCheckList": true,
            "maybeWait": true,
            "slaStart": 240,
            "slaClose": 240,
            "favourId": null,
            "keywordBot": null,
            "stopEta": null,
            "domaAiId": null,
            "standardTask": 0,
            "andromedaIds": [
                
            ],
            "cmtReceipt": null
        },
        {
            "createdBy": "Белашов Дмитрий Александрович",
            "createdDate": "2026-01-19 10:11:57.039",
            "lastModifiedBy": "Белашов Дмитрий Александрович",
            "lastModifiedDate": "2026-03-20 11:00:46.818",
            "deletedDate": null,
            "deletedBy": null,
            "isDelete": null,
            "id": "92b778ca-b066-4a43-a1b7-0a002ecfde2c",
            "number": 4471,
            "name": "Смок 29016",
            "parentId": null,
            "parentName": null,
            "typeNode": "Тип события",
            "needAct": true,
            "needCheck": true,
            "needCheckList": true,
            "maybeWait": true,
            "slaStart": 60,
            "slaClose": 120,
            "favourId": null,
            "keywordBot": null,
            "stopEta": 60,
            "domaAiId": null,
            "standardTask": 60,
            "andromedaIds": [
                
            ],
            "cmtReceipt": false
        },
        {
            "createdBy": "Акаев Даниэль Юсупович",
            "createdDate": "2026-01-20 12:37:15.667",
            "lastModifiedBy": "Черников Дмитрий Витальевич",
            "lastModifiedDate": "2026-01-30 12:59:08.580",
            "deletedDate": null,
            "deletedBy": null,
            "isDelete": null,
            "id": "73172d9b-f82e-4d82-a2bc-71f215384003",
            "number": 4473,
            "name": "Тест",
            "parentId": null,
            "parentName": null,
            "typeNode": "Тип события",
            "needAct": true,
            "needCheck": true,
            "needCheckList": false,
            "maybeWait": false,
            "slaStart": 43200,
            "slaClose": 74880,
            "favourId": "6ed4d972-be1b-412b-ee7b-f3192ae70388",
            "keywordBot": null,
            "stopEta": 43200,
            "domaAiId": null,
            "standardTask": 60,
            "andromedaIds": [
                
            ],
            "cmtReceipt": null
        },
        {
            "createdBy": "user",
            "createdDate": "2024-04-23 18:00:00.000",
            "lastModifiedBy": "Черников Дмитрий Витальевич",
            "lastModifiedDate": "2026-02-10 10:21:23.023",
            "deletedDate": null,
            "deletedBy": null,
            "isDelete": null,
            "id": "ea51b5e2-04cf-4e11-ab4a-bdbadd31780e",
            "number": 2651,
            "name": "Благодарность",
            "parentId": null,
            "parentName": null,
            "typeNode": "Тип события",
            "needAct": false,
            "needCheck": false,
            "needCheckList": false,
            "maybeWait": false,
            "slaStart": 60,
            "slaClose": 120,
            "favourId": null,
            "keywordBot": null,
            "stopEta": 119,
            "domaAiId": null,
            "standardTask": 1,
            "andromedaIds": [
                
            ],
            "cmtReceipt": null
        },
        {
            "createdBy": "EMuravyov@sbercity.ru",
            "createdDate": "2025-05-05 13:34:53.761",
            "lastModifiedBy": "Черников Дмитрий Витальевич",
            "lastModifiedDate": "2026-02-11 15:53:37.607",
            "deletedDate": null,
            "deletedBy": null,
            "isDelete": null,
            "id": "4403fd18-abc8-4429-bc34-e944c954c781",
            "number": 4439,
            "name": "rthtyjty1",
            "parentId": null,
            "parentName": null,
            "typeNode": "Тип события",
            "needAct": true,
            "needCheck": true,
            "needCheckList": true,
            "maybeWait": false,
            "slaStart": 540,
            "slaClose": 600,
            "favourId": null,
            "keywordBot": null,
            "stopEta": 60,
            "domaAiId": null,
            "standardTask": 60,
            "andromedaIds": [
                
            ],
            "cmtReceipt": null
        },
        {
            "createdBy": "Белашов Дмитрий Александрович",
            "createdDate": "2026-03-01 10:50:01.453",
            "lastModifiedBy": "Белашов Дмитрий Александрович",
            "lastModifiedDate": "2026-03-01 12:35:03.800",
            "deletedDate": null,
            "deletedBy": null,
            "isDelete": false,
            "id": "aa2a88dd-b4c4-448b-ae01-f023cd036a31",
            "number": 4513,
            "name": "смок2702",
            "parentId": null,
            "parentName": null,
            "typeNode": "Тип события",
            "needAct": true,
            "needCheck": true,
            "needCheckList": true,
            "maybeWait": true,
            "slaStart": 60,
            "slaClose": 120,
            "favourId": null,
            "keywordBot": null,
            "stopEta": 60,
            "domaAiId": null,
            "standardTask": 60,
            "andromedaIds": [
                
            ],
            "cmtReceipt": false
        },
        {
            "createdBy": "Козырь Юрий Валерьевич",
            "createdDate": "2026-03-19 17:49:38.560",
            "lastModifiedBy": "Козырь Юрий Валерьевич",
            "lastModifiedDate": "2026-03-19 17:49:38.560",
            "deletedDate": null,
            "deletedBy": null,
            "isDelete": null,
            "id": "e432502f-6131-4ee0-b2a4-b76429ef9a10",
            "number": 4522,
            "name": "1 уровень классификатора",
            "parentId": null,
            "parentName": null,
            "typeNode": "Тип события",
            "needAct": false,
            "needCheck": false,
            "needCheckList": false,
            "maybeWait": false,
            "slaStart": 1440,
            "slaClose": 1440,
            "favourId": null,
            "keywordBot": null,
            "stopEta": 60,
            "domaAiId": null,
            "standardTask": 60,
            "andromedaIds": [
                
            ],
            "cmtReceipt": null
        },
        {
            "createdBy": "Андрей Антипов Анатольевич",
            "createdDate": "2026-04-02 15:20:08.879",
            "lastModifiedBy": null,
            "lastModifiedDate": null,
            "deletedDate": null,
            "deletedBy": null,
            "isDelete": null,
            "id": "4cc56887-b21c-42a8-8a17-b37b18a752b2",
            "number": 4529,
            "name": "Внутренние задачи",
            "parentId": null,
            "parentName": null,
            "typeNode": "Тип события",
            "needAct": false,
            "needCheck": false,
            "needCheckList": false,
            "maybeWait": false,
            "slaStart": 1440,
            "slaClose": 10080,
            "favourId": null,
            "keywordBot": null,
            "stopEta": 2880,
            "domaAiId": null,
            "standardTask": 60,
            "andromedaIds": [
                
            ],
            "cmtReceipt": null
        },
        {
            "createdBy": "Белашов Дмитрий Александрович",
            "createdDate": "2026-04-10 14:02:16.030",
            "lastModifiedBy": "Белашов Дмитрий Александрович",
            "lastModifiedDate": "2026-04-10 14:02:16.030",
            "deletedDate": null,
            "deletedBy": null,
            "isDelete": null,
            "id": "7fb50b64-645a-42e3-a6ef-823da64ecfd4",
            "number": 4532,
            "name": "смок 100426",
            "parentId": null,
            "parentName": null,
            "typeNode": "Тип события",
            "needAct": true,
            "needCheck": true,
            "needCheckList": true,
            "maybeWait": true,
            "slaStart": 60,
            "slaClose": 120,
            "favourId": null,
            "keywordBot": null,
            "stopEta": 60,
            "domaAiId": null,
            "standardTask": 60,
            "andromedaIds": [
                
            ],
            "cmtReceipt": null
        },
        {
            "createdBy": "Белашов Дмитрий Александрович",
            "createdDate": "2026-04-11 20:55:17.497",
            "lastModifiedBy": "Белашов Дмитрий Александрович",
            "lastModifiedDate": "2026-04-11 21:05:49.331",
            "deletedDate": null,
            "deletedBy": null,
            "isDelete": false,
            "id": "e74cc882-519e-4adb-9f6e-377cd160a629",
            "number": 4539,
            "name": "смок1104+1 для удаления",
            "parentId": null,
            "parentName": null,
            "typeNode": "Тип события",
            "needAct": true,
            "needCheck": false,
            "needCheckList": true,
            "maybeWait": true,
            "slaStart": 60,
            "slaClose": 120,
            "favourId": "202d6372-589a-418e-9d35-a2290c978d73",
            "keywordBot": null,
            "stopEta": 60,
            "domaAiId": null,
            "standardTask": 60,
            "andromedaIds": [
                
            ],
            "cmtReceipt": null
        }
    ],
    "classifierEventMesto1List": [
        {
            "createdBy": "ANavasardyan@sbercity.ru",
            "createdDate": "2024-09-04 19:44:09.863",
            "lastModifiedBy": "ANavasardyan@sbercity.ru",
            "lastModifiedDate": "2024-09-04 19:44:48.100",
            "deletedDate": null,
            "deletedBy": null,
            "isDelete": null,
            "id": "eb4a31d5-5924-4518-a1fa-38d3af8f9e29",
            "number": 4424,
            "name": "Тестыч",
            "parentId": "ea51b5e2-04cf-4e11-ab4a-bdbadd31780e",
            "parentName": "Благодарность",
            "typeNode": "Тип помещения/услуги",
            "needAct": true,
            "needCheck": true,
            "needCheckList": true,
            "maybeWait": true,
            "slaStart": 157265,
            "slaClose": 1106225,
            "favourId": null,
            "keywordBot": null,
            "stopEta": 0,
            "domaAiId": null,
            "standardTask": 0,
            "andromedaIds": [
                
            ],
            "cmtReceipt": null
        },
        {
            "createdBy": "user",
            "createdDate": "2024-04-23 18:00:00.000",
            "lastModifiedBy": "ANavasardyan@sbercity.ru",
            "lastModifiedDate": "2024-07-21 22:40:57.166",
            "deletedDate": null,
            "deletedBy": null,
            "isDelete": null,
            "id": "3460f4cb-efa4-45a5-94bb-628484837473",
            "number": 2668,
            "name": "МКД",
            "parentId": "ea51b5e2-04cf-4e11-ab4a-bdbadd31780e",
            "parentName": "Благодарность",
            "typeNode": "Тип объекта",
            "needAct": true,
            "needCheck": true,
            "needCheckList": true,
            "maybeWait": true,
            "slaStart": 123,
            "slaClose": 123,
            "favourId": null,
            "keywordBot": null,
            "stopEta": 0,
            "domaAiId": null,
            "standardTask": 0,
            "andromedaIds": [
                
            ],
            "cmtReceipt": null
        },
        {
            "createdBy": "ЧерниковЪ Дмитрий Витальевич",
            "createdDate": "2025-10-16 14:51:06.440",
            "lastModifiedBy": "ЧерниковЪ Дмитрий Витальевич",
            "lastModifiedDate": "2025-10-16 14:51:06.440",
            "deletedDate": null,
            "deletedBy": null,
            "isDelete": null,
            "id": "0caff463-5043-4531-9ab2-ff33581164ee",
            "number": 4459,
            "name": "Бронирование",
            "parentId": "ea51b5e2-04cf-4e11-ab4a-bdbadd31780e",
            "parentName": "Благодарность",
            "typeNode": "Приоритет",
            "needAct": false,
            "needCheck": false,
            "needCheckList": false,
            "maybeWait": false,
            "slaStart": 120,
            "slaClose": 120,
            "favourId": null,
            "keywordBot": null,
            "stopEta": 0,
            "domaAiId": null,
            "standardTask": 120,
            "andromedaIds": [
                
            ],
            "cmtReceipt": null
        },
        {
            "createdBy": "Белашов Дмитрий Александрович",
            "createdDate": "2026-01-26 12:15:15.962",
            "lastModifiedBy": "Белашов Дмитрий Александрович",
            "lastModifiedDate": "2026-01-26 12:15:15.962",
            "deletedDate": null,
            "deletedBy": null,
            "isDelete": null,
            "id": "92906d4b-08cc-416a-b736-008929c33028",
            "number": 4474,
            "name": "СОТОВ",
            "parentId": "ea51b5e2-04cf-4e11-ab4a-bdbadd31780e",
            "parentName": "Благодарность",
            "typeNode": "Тип объекта",
            "needAct": true,
            "needCheck": true,
            "needCheckList": true,
            "maybeWait": true,
            "slaStart": 60,
            "slaClose": 120,
            "favourId": null,
            "keywordBot": null,
            "stopEta": 60,
            "domaAiId": null,
            "standardTask": 60,
            "andromedaIds": [
                
            ],
            "cmtReceipt": null
        },
        {
            "createdBy": "Черников Дмитрий Витальевич",
            "createdDate": "2026-02-05 10:42:09.670",
            "lastModifiedBy": "Черников Дмитрий Витальевич",
            "lastModifiedDate": "2026-02-05 10:42:09.670",
            "deletedDate": null,
            "deletedBy": null,
            "isDelete": null,
            "id": "b6fe8585-919b-4754-b7f1-fdf42a6de3a5",
            "number": 4489,
            "name": "Тип объекта",
            "parentId": "ea51b5e2-04cf-4e11-ab4a-bdbadd31780e",
            "parentName": "Благодарность",
            "typeNode": "Тип объекта",
            "needAct": null,
            "needCheck": null,
            "needCheckList": null,
            "maybeWait": null,
            "slaStart": 240,
            "slaClose": 720,
            "favourId": null,
            "keywordBot": null,
            "stopEta": 120,
            "domaAiId": null,
            "standardTask": 60,
            "andromedaIds": [
                
            ],
            "cmtReceipt": null
        },
        {
            "createdBy": "Черников Дмитрий Витальевич",
            "createdDate": "2026-03-04 11:05:36.134",
            "lastModifiedBy": "Черников Дмитрий Витальевич",
            "lastModifiedDate": "2026-03-04 11:55:34.656",
            "deletedDate": null,
            "deletedBy": null,
            "isDelete": null,
            "id": "cb134cac-26f4-4726-ab82-5eb8a9307bae",
            "number": 4521,
            "name": "Sla 12дней",
            "parentId": "ea51b5e2-04cf-4e11-ab4a-bdbadd31780e",
            "parentName": "Благодарность",
            "typeNode": "Тип объекта",
            "needAct": false,
            "needCheck": false,
            "needCheckList": false,
            "maybeWait": false,
            "slaStart": 1,
            "slaClose": 17280,
            "favourId": null,
            "keywordBot": null,
            "stopEta": 60,
            "domaAiId": null,
            "standardTask": 60,
            "andromedaIds": [
                
            ],
            "cmtReceipt": null
        },
        {
            "createdBy": "Черников Дмитрий Витальевич",
            "createdDate": "2025-11-27 11:15:54.962",
            "lastModifiedBy": "Черников Дмитрий Витальевич",
            "lastModifiedDate": "2026-04-13 15:56:08.310",
            "deletedDate": null,
            "deletedBy": null,
            "isDelete": null,
            "id": "654b09d3-0fac-410d-b69d-2a475241b535",
            "number": 4469,
            "name": "Алина/Дима. sla 2 мин",
            "parentId": "ea51b5e2-04cf-4e11-ab4a-bdbadd31780e",
            "parentName": "Благодарность",
            "typeNode": "Тип объекта",
            "needAct": false,
            "needCheck": false,
            "needCheckList": false,
            "maybeWait": true,
            "slaStart": 1,
            "slaClose": 2,
            "favourId": null,
            "keywordBot": null,
            "stopEta": 1,
            "domaAiId": null,
            "standardTask": 1,
            "andromedaIds": [
                
            ],
            "cmtReceipt": null
        }
    ],
    "classifierEventMesto2List": [
        
    ],
    "classifierEventMesto3List": [
        
    ],
    "classifierEventProblem1List": [
        
    ],
    "classifierEventProblem2List": [
        
    ],
    "classifierEventPriorityList": [
        
    ],
    "favourId": null,
    "favourName": null,
    "tariffId": null,
    "tariffName": null,
    "costDiscount": null,
    "paymentTypeId": null,
    "paymentTypeName": null,
    "proposalId": null,
    "timeSlotId": null,
    "idTransaction": null,
    "paymentSuccess": null,
    "dutyStatus": null,
    "follower": null,
    "planStartDateCal": "2026-04-16 00:00:00.000",
    "planStopDateCal": "2026-04-16 03:00:00.000",
    "rentObjectUk": null,
    "domaNumber": null,
    "guid1c": null,
    "repairObject": null,
    "cmtReceipt": null,
    "tmcRefusal": null,
    "territoryCrawlResult": null
}

Куки
{}
Создана задача с ID: 78ef5fb2-23a9-4935-9b9a-d905579b3b2b
Задача с ID 78ef5fb2-23a9-4935-9b9a-d905579b3b2b успешно удалена
]]></system-out>
  </testcase>
  <testcase name="createTaskPaid" classname="TasksTest" time="2.552"/>
  <testcase name="displayOfDeleteRequests" classname="TasksTest" time="0.181"/>
  <testcase name="createTaskEmergency" classname="TasksTest" time="2.527">
    <system-out><![CDATA[Request method:	POST
Request URI:	http://172.20.207.16/api/client-relations/tasks-full
Proxy:			<none>
Request params:	<none>
Query params:	<none>
Form params:	<none>
Path params:	<none>
Headers:		Authorization=Bearer eyJhbGciOiJIUzUxMiJ9.eyJzdWIiOiJEQ2hlcm5pa292QHNiZXJjaXR5LnJ1IiwiZXhwIjoxNzc2MzYxNTYzLCJyb2xlcyI6eyJpZCI6ImNjZWQ0NTg1LWUzNTgtNDBiZi04NjE0LTAxYjBiZDM5NDM5YiIsIm5hbWUiOiLQkNC00LzQuNC90LjRgdGC0YDQsNGC0L7RgCIsImdyb3VwQWNjZXNzZXMiOlt7ImlkIjoiMTQwYTAyMTAtZDFkMS00MzllLWIzYTQtMGVlNWJlNmQyOWQyIiwibmFtZSI6ItCQ0LTQvNC40L3QuNGB0YLRgNCw0YLQvtGAIC0g0L_QvtC70L3Ri9C5INC00L7RgdGC0YPQvyJ9XX0sImZpcnN0TmFtZSI6ItCn0LXRgNC90LjQutC-0LIg0JTQvNC40YLRgNC40Lkg0JLQuNGC0LDQu9GM0LXQstC40YciLCJpZCI6IjAxYmI2NmNjLTY0NTYtNDFjZS05ZmI3LWFkMzhjMjVmZWE0MyIsImVtcGxveWVlSWQiOiJiNjlmMGFmMC00M2JkLTRhMzctYjNjMS1mNjhjMTIzZmRlMGMiLCJpc0NvbnRyYWN0b3IiOmZhbHNlLCJzZXNzaW9uSWQiOiJiZmEwOWU3Mi04ZTBmLTQ0ZDQtYWFhOS1kYjI0MWVmMDExMTYifQ.sKbORqB3-uHnJ7FA5wiv_P_gpVaGeZiFIyUzI1MvLmI_n4F9h38sBLxFGBK2JZF33hdOqRqWUMFR4cGhBgADtQ
				Accept=*/*
				Content-Type=application/json; charset=UTF-8
Cookies:		<none>
Multiparts:		<none>
Body:
{
    "clientId": "54532e9c-2676-4059-bb37-1361fd21be43",
    "clientIdName": "Черников Дмитрий Витальевич",
    "description": "<p>тест</p>",
    "planStartDateCal": null,
    "planStopDateCal": null,
    "objectUk": {
        "firstLetter": "Д",
        "createdBy": "AAntipov@sbercity.ru",
        "createdDate": "2024-04-08 17:38:04.993",
        "lastModifiedBy": "Хамидуллин Раиль",
        "lastModifiedDate": "2025-10-23 16:28:51.375",
        "deletedDate": null,
        "deletedBy": null,
        "isDelete": false,
        "id": "6ac475b8-cb65-4ebf-8e37-473b0a4b6957",
        "name": "д.1, корп.1, эт. 3, кв. 109",
        "quarter": "TEST",
        "frame": "1",
        "number": "109",
        "purposeObject": "Квартира",
        "floor": "3",
        "section": "4",
        "totalArea": 46.22,
        "livingArea": 11.56,
        "summerPremisesArea": 0,
        "auxiliaryArea": null,
        "areaWithSummerRoomsKoff": null,
        "areaWithSummerRoomsNoKoff": null,
        "areaWithoutBalcony": null,
        "ceilingHeight": 2.97,
        "location": null,
        "typeEquipment": null,
        "purposeEquipment": null,
        "externalSystem": null,
        "externalId": null,
        "isRentedCar": null,
        "parent": "e8a0b508-d0b3-4d32-9e60-0482aca7e930",
        "parentAndName": {
            "id": "e8a0b508-d0b3-4d32-9e60-0482aca7e930",
            "name": "Многоквартирный дом T В10.1"
        },
        "typeObjectUk": "Квартира",
        "buildingAddress": "г. Москва, вн.тер.г. муниципальный округ Кунцево, кв-л 120, з/у 88",
        "mailingAddress": "г. Москва, ул. Рублево-Архангельская, д.1., корп.1., кв. 109",
        "purpose": null,
        "totalAreaAllOn": null,
        "oumArea": "м2",
        "accountsReceivable": null,
        "accountsPayable": null,
        "project": null,
        "region": null,
        "customer": null,
        "developer": null,
        "generalContractor": null,
        "serviceOrganization": null,
        "buildingNumber": null,
        "cadastralNumber": "0",
        "startSettlement": "2023-12-01 00:00:00.000",
        "stopSettlement": "2024-03-18 00:00:00.000",
        "numberSections": null,
        "numberFloorsInSectionEqual": null,
        "numberFloors": null,
        "numberLifts": null,
        "areaAllResidentialOnQuarter": null,
        "areaAllNonResidentialOnQuarter": null,
        "areaMop": null,
        "totalOn": null,
        "numberApartments": null,
        "numberNonResidentialRooms": null,
        "numberPantries": null,
        "numberParkingAuto": null,
        "numberParkingMoto": null,
        "energyEfficiencyClass": null,
        "factRecognizingHouseEmergency": null,
        "reasonRecognitionHouseEmergency": null,
        "documentRecognitionHouseEmergency": null,
        "landArea": null,
        "areaDrivewaysPaths": null,
        "areaPlayground": null,
        "areaSportsField": null,
        "numberBarriers": null,
        "numberBollards": null,
        "numberCamcorders": null,
        "areaLawn": null,
        "areaFlowerGarden": 0,
        "numberShrubs": 0,
        "numberTrees": 0,
        "numberInlets": null,
        "numberInletsTko": null,
        "numberInletsPlastic": null,
        "numberContainersTko": null,
        "valueContainersTko": null,
        "numberContainersMetal": null,
        "valueContainersMetal": null,
        "numberContainersGlass": null,
        "valueContainersGlass": null,
        "numberContainersPepper": null,
        "valueContainersPepper": null,
        "numberContainersTetrapak": null,
        "valueContainersTetrapak": null,
        "presenceVendingMachine": null,
        "presenceElectricChargesAuto": null,
        "numberElectricChargesAuto": null,
        "comments": null,
        "housingClass": "1",
        "numberFloorsInSections": 9,
        "numberRooms": 1,
        "typeBalcony": "Крытый",
        "typeBathroom": "Раздельный",
        "numberPerFloor": null,
        "areaEstimatedFact": null,
        "areaCoefficientMop": null,
        "isRented": null,
        "areaAdultRecreation": null,
        "conditionalNumber": "109",
        "btiHouseCode": "111111",
        "isTireService": null,
        "totalSummerPremisesAreaQuarter": null,
        "unitType": null,
        "sectionType": null,
        "propertyId": null,
        "btiArea": 46.22,
        "typeParking": null,
        "driverEmployeeId": null,
        "driverFIO": null,
        "nameCalendar": null
    },
    "classifierEventType": {
        "createdBy": "user",
        "createdDate": "2024-04-23 18:00:00.000",
        "lastModifiedBy": "Черников Дмитрий Витальевич",
        "lastModifiedDate": "2026-02-10 10:21:23.023",
        "deletedDate": null,
        "deletedBy": null,
        "isDelete": null,
        "id": "ea51b5e2-04cf-4e11-ab4a-bdbadd31780e",
        "number": 2651,
        "name": "Благодарность",
        "parentId": null,
        "parentName": null,
        "typeNode": "Тип события",
        "needAct": false,
        "needCheck": false,
        "needCheckList": false,
        "maybeWait": false,
        "slaStart": 60,
        "slaClose": 120,
        "favourId": null,
        "keywordBot": null,
        "stopEta": 119,
        "domaAiId": null,
        "standardTask": 1,
        "andromedaIds": [
            
        ],
        "cmtReceipt": null
    },
    "classifierEventMesto1": {
        "createdBy": "Черников Дмитрий Витальевич",
        "createdDate": "2026-02-05 10:42:09.670",
        "lastModifiedBy": "Черников Дмитрий Витальевич",
        "lastModifiedDate": "2026-02-05 10:42:09.670",
        "deletedDate": null,
        "deletedBy": null,
        "isDelete": null,
        "number": 4489,
        "parentId": "ea51b5e2-04cf-4e11-ab4a-bdbadd31780e",
        "parentName": "Благодарность",
        "typeNode": "Тип объекта",
        "needAct": null,
        "needCheck": null,
        "needCheckList": null,
        "maybeWait": null,
        "slaStart": 240,
        "slaClose": 720,
        "favourId": null,
        "keywordBot": null,
        "stopEta": 120,
        "domaAiId": null,
        "standardTask": 60,
        "andromedaIds": [
            
        ],
        "cmtReceipt": null,
        "id": "b6fe8585-919b-4754-b7f1-fdf42a6de3a5",
        "name": "Тип объекта"
    },
    "classifierEventMesto2": {
        "createdBy": "Черников Дмитрий Витальевич",
        "createdDate": "2026-02-05 10:43:30.195",
        "lastModifiedBy": "Черников Дмитрий Витальевич",
        "lastModifiedDate": "2026-02-05 10:43:30.195",
        "deletedDate": null,
        "deletedBy": null,
        "isDelete": null,
        "number": 4490,
        "parentId": "b6fe8585-919b-4754-b7f1-fdf42a6de3a5",
        "parentName": "Тип объекта",
        "typeNode": "Тип помещения/услуги",
        "needAct": null,
        "needCheck": null,
        "needCheckList": null,
        "maybeWait": null,
        "slaStart": 180,
        "slaClose": 360,
        "favourId": null,
        "keywordBot": null,
        "stopEta": 60,
        "domaAiId": null,
        "standardTask": 60,
        "andromedaIds": [
            
        ],
        "cmtReceipt": null,
        "id": "d7b410a6-9aa1-4146-b516-2b564275ca48",
        "name": "Тип помещения/услуги"
    },
    "classifierEventMesto3": {
        "createdBy": "Черников Дмитрий Витальевич",
        "createdDate": "2026-02-05 10:45:11.526",
        "lastModifiedBy": "Черников Дмитрий Витальевич",
        "lastModifiedDate": "2026-02-05 10:45:11.526",
        "deletedDate": null,
        "deletedBy": null,
        "isDelete": null,
        "number": 4491,
        "parentId": "d7b410a6-9aa1-4146-b516-2b564275ca48",
        "parentName": "Тип помещения/услуги",
        "typeNode": "Наименование помещения/услуги",
        "needAct": null,
        "needCheck": null,
        "needCheckList": null,
        "maybeWait": null,
        "slaStart": 60,
        "slaClose": 300,
        "favourId": null,
        "keywordBot": null,
        "stopEta": 60,
        "domaAiId": null,
        "standardTask": 60,
        "andromedaIds": [
            
        ],
        "cmtReceipt": null,
        "id": "ee996cb8-6388-4ede-b849-b19d3cf0b905",
        "name": "Наименование помещения/услуги"
    },
    "classifierEventProblem1": {
        "createdBy": "Черников Дмитрий Витальевич",
        "createdDate": "2026-02-05 10:46:16.024",
        "lastModifiedBy": "Черников Дмитрий Витальевич",
        "lastModifiedDate": "2026-02-05 10:46:16.024",
        "deletedDate": null,
        "deletedBy": null,
        "isDelete": null,
        "number": 4492,
        "parentId": "ee996cb8-6388-4ede-b849-b19d3cf0b905",
        "parentName": "Наименование помещения/услуги",
        "typeNode": "С чем проблема",
        "needAct": null,
        "needCheck": null,
        "needCheckList": null,
        "maybeWait": null,
        "slaStart": 60,
        "slaClose": 1200,
        "favourId": null,
        "keywordBot": null,
        "stopEta": 300,
        "domaAiId": null,
        "standardTask": 60,
        "andromedaIds": [
            
        ],
        "cmtReceipt": null,
        "id": "654b301a-7c6b-4eb3-9a25-5ab3038af755",
        "name": "С чем проблема"
    },
    "classifierEventProblem2": {
        "createdBy": "Черников Дмитрий Витальевич",
        "createdDate": "2026-02-05 10:47:21.062",
        "lastModifiedBy": "Черников Дмитрий Витальевич",
        "lastModifiedDate": "2026-02-05 10:47:21.062",
        "deletedDate": null,
        "deletedBy": null,
        "isDelete": null,
        "number": 4493,
        "parentId": "654b301a-7c6b-4eb3-9a25-5ab3038af755",
        "parentName": "С чем проблема",
        "typeNode": "Детализация проблемы",
        "needAct": null,
        "needCheck": null,
        "needCheckList": null,
        "maybeWait": null,
        "slaStart": 60,
        "slaClose": 600,
        "favourId": null,
        "keywordBot": null,
        "stopEta": 60,
        "domaAiId": null,
        "standardTask": 120,
        "andromedaIds": [
            
        ],
        "cmtReceipt": null,
        "id": "c5734bce-c1b2-4403-a560-8223ba50b877",
        "name": "Детализация проблемы"
    },
    "classifierEventPriority": {
        "createdBy": "Черников Дмитрий Витальевич",
        "createdDate": "2026-02-17 17:26:05.389",
        "lastModifiedBy": "Черников Дмитрий Витальевич",
        "lastModifiedDate": "2026-02-17 17:26:05.389",
        "deletedDate": null,
        "deletedBy": null,
        "isDelete": null,
        "number": 4508,
        "parentId": "c5734bce-c1b2-4403-a560-8223ba50b877",
        "parentName": "Детализация проблемы",
        "typeNode": "Приоритет",
        "needAct": false,
        "needCheck": false,
        "needCheckList": false,
        "maybeWait": true,
        "slaStart": 60,
        "slaClose": 360,
        "favourId": null,
        "keywordBot": null,
        "stopEta": 60,
        "domaAiId": null,
        "standardTask": 60,
        "andromedaIds": [
            
        ],
        "cmtReceipt": null,
        "id": "4b00b073-176e-4fd0-800b-72298ba6c579",
        "name": "Аварийная"
    },
    "channelTask": {
        "id": "db1ceb48-883a-4ae3-8a3c-52d08873c33f",
        "name": "Телефон"
    },
    "levelLoyalty": "Лояльный"
}
49f919b7-ca2d-43f3-af81-372c8d93c2aa
]]></system-out>
  </testcase>
  <testcase name="getApplication" classname="TasksTest" time="0.159"/>
  <testcase name="createTaskWithApplication" classname="TasksTest" time="2.615">
    <system-out><![CDATA[{
    "createdBy": "Черников Дмитрий Витальевич",
    "createdDate": "2026-04-15 20:46:24.559",
    "lastModifiedBy": "Черников Дмитрий Витальевич",
    "lastModifiedDate": "2026-04-15 20:46:24.559",
    "deletedDate": null,
    "deletedBy": null,
    "isDelete": null,
    "id": "1b1609ef-eee4-46b4-831b-e7db7902397d",
    "name": "тест123",
    "number": null,
    "closeDate": null,
    "statusAcceptance": null,
    "statusTask": {
        "createdBy": "user",
        "createdDate": "2023-01-09 12:28:56.767",
        "lastModifiedBy": "user",
        "lastModifiedDate": "2023-01-09 12:28:56.767",
        "deletedDate": null,
        "deletedBy": null,
        "isDelete": null,
        "id": "ef1e31bd-35a5-4f84-90bc-776cb2f1f682",
        "name": "Новое"
    },
    "clientId": "54532e9c-2676-4059-bb37-1361fd21be43",
    "clientIdName": "Черников Дмитрий Витальевич",
    "clientPhone": "+79304136769",
    "clientEmail": null,
    "clientType": "ФЛ",
    "clientIsVip": true,
    "levelLoyalty": null,
    "objectUk": {
        "createdBy": "AAntipov@sbercity.ru",
        "createdDate": "2024-04-08 17:38:04.993",
        "lastModifiedBy": "Хамидуллин Раиль",
        "lastModifiedDate": "2025-10-23 16:28:51.375",
        "deletedDate": null,
        "deletedBy": null,
        "isDelete": false,
        "id": "6ac475b8-cb65-4ebf-8e37-473b0a4b6957",
        "name": "д.1, корп.1, эт. 3, кв. 109",
        "quarter": "TEST",
        "frame": "1",
        "number": "109",
        "purposeObject": "Квартира",
        "floor": "3",
        "section": "4",
        "totalArea": 46.22,
        "livingArea": 11.56,
        "summerPremisesArea": 0.0,
        "auxiliaryArea": null,
        "areaWithSummerRoomsKoff": null,
        "areaWithSummerRoomsNoKoff": null,
        "areaWithoutBalcony": null,
        "ceilingHeight": 2.97,
        "location": null,
        "typeEquipment": null,
        "purposeEquipment": null,
        "externalSystem": null,
        "externalId": null,
        "isRentedCar": null,
        "parent": "e8a0b508-d0b3-4d32-9e60-0482aca7e930",
        "parentAndName": null,
        "typeObjectUk": "Квартира",
        "buildingAddress": "г. Москва, вн.тер.г. муниципальный округ Кунцево, кв-л 120, з/у 88",
        "mailingAddress": "г. Москва, ул. Рублево-Архангельская, д.1., корп.1., кв. 109",
        "purpose": null,
        "totalAreaAllOn": null,
        "oumArea": "м2",
        "accountsReceivable": null,
        "accountsPayable": null,
        "project": null,
        "region": null,
        "customer": null,
        "developer": null,
        "generalContractor": null,
        "serviceOrganization": null,
        "buildingNumber": null,
        "cadastralNumber": "0",
        "startSettlement": "2023-12-01 00:00:00.000",
        "stopSettlement": "2024-03-18 00:00:00.000",
        "numberSections": null,
        "numberFloorsInSectionEqual": null,
        "numberFloors": null,
        "numberLifts": null,
        "areaAllResidentialOnQuarter": null,
        "areaAllNonResidentialOnQuarter": null,
        "areaMop": null,
        "totalOn": null,
        "numberApartments": null,
        "numberNonResidentialRooms": null,
        "numberPantries": null,
        "numberParkingAuto": null,
        "numberParkingMoto": null,
        "energyEfficiencyClass": null,
        "factRecognizingHouseEmergency": null,
        "reasonRecognitionHouseEmergency": null,
        "documentRecognitionHouseEmergency": null,
        "landArea": null,
        "areaDrivewaysPaths": null,
        "areaPlayground": null,
        "areaSportsField": null,
        "numberBarriers": null,
        "numberBollards": null,
        "numberCamcorders": null,
        "areaLawn": null,
        "areaFlowerGarden": 0.0,
        "numberShrubs": 0,
        "numberTrees": 0,
        "numberInlets": null,
        "numberInletsTko": null,
        "numberInletsPlastic": null,
        "numberContainersTko": null,
        "valueContainersTko": null,
        "numberContainersMetal": null,
        "valueContainersMetal": null,
        "numberContainersGlass": null,
        "valueContainersGlass": null,
        "numberContainersPepper": null,
        "valueContainersPepper": null,
        "numberContainersTetrapak": null,
        "valueContainersTetrapak": null,
        "presenceVendingMachine": null,
        "presenceElectricChargesAuto": null,
        "numberElectricChargesAuto": null,
        "comments": null,
        "housingClass": "1",
        "numberFloorsInSections": 9,
        "numberRooms": 1,
        "typeBalcony": "Крытый",
        "typeBathroom": "Раздельный",
        "numberPerFloor": null,
        "areaEstimatedFact": null,
        "areaCoefficientMop": null,
        "isRented": null,
        "areaAdultRecreation": null,
        "conditionalNumber": "109",
        "btiHouseCode": "111111",
        "isTireService": null,
        "totalSummerPremisesAreaQuarter": null,
        "unitType": null,
        "sectionType": null,
        "propertyId": null,
        "btiArea": 46.22,
        "typeParking": null,
        "driverEmployeeId": null,
        "driverFIO": null,
        "nameCalendar": null,
        "monitoringAnalysisResult": null
    },
    "classifierEvent": {
        "createdBy": "Черников Дмитрий Витальевич",
        "createdDate": "2025-11-27 11:15:54.962",
        "lastModifiedBy": "Черников Дмитрий Витальевич",
        "lastModifiedDate": "2026-04-13 15:56:08.310",
        "deletedDate": null,
        "deletedBy": null,
        "isDelete": null,
        "id": "654b09d3-0fac-410d-b69d-2a475241b535",
        "number": 4469,
        "name": "Алина/Дима. sla 2 мин",
        "parentId": "ea51b5e2-04cf-4e11-ab4a-bdbadd31780e",
        "parentName": "Благодарность",
        "typeNode": "Тип объекта",
        "needAct": false,
        "needCheck": false,
        "needCheckList": false,
        "maybeWait": true,
        "slaStart": 1,
        "slaClose": 2,
        "favourId": null,
        "keywordBot": null,
        "stopEta": 1,
        "domaAiId": null,
        "standardTask": 1,
        "andromedaIds": [
            
        ],
        "cmtReceipt": null
    },
    "classifierEventType": {
        "createdBy": "user",
        "createdDate": "2024-04-23 18:00:00.000",
        "lastModifiedBy": "Черников Дмитрий Витальевич",
        "lastModifiedDate": "2026-02-10 10:21:23.023",
        "deletedDate": null,
        "deletedBy": null,
        "isDelete": null,
        "id": "ea51b5e2-04cf-4e11-ab4a-bdbadd31780e",
        "number": 2651,
        "name": "Благодарность",
        "parentId": null,
        "parentName": null,
        "typeNode": "Тип события",
[...]
            "id": "7fb50b64-645a-42e3-a6ef-823da64ecfd4",
            "number": 4532,
            "name": "смок 100426",
            "parentId": null,
            "parentName": null,
            "typeNode": "Тип события",
            "needAct": true,
            "needCheck": true,
            "needCheckList": true,
            "maybeWait": true,
            "slaStart": 60,
            "slaClose": 120,
            "favourId": null,
            "keywordBot": null,
            "stopEta": 60,
            "domaAiId": null,
            "standardTask": 60,
            "andromedaIds": [
                
            ],
            "cmtReceipt": null
        },
        {
            "createdBy": "Белашов Дмитрий Александрович",
            "createdDate": "2026-04-11 20:55:17.497",
            "lastModifiedBy": "Белашов Дмитрий Александрович",
            "lastModifiedDate": "2026-04-11 21:05:49.331",
            "deletedDate": null,
            "deletedBy": null,
            "isDelete": false,
            "id": "e74cc882-519e-4adb-9f6e-377cd160a629",
            "number": 4539,
            "name": "смок1104+1 для удаления",
            "parentId": null,
            "parentName": null,
            "typeNode": "Тип события",
            "needAct": true,
            "needCheck": false,
            "needCheckList": true,
            "maybeWait": true,
            "slaStart": 60,
            "slaClose": 120,
            "favourId": "202d6372-589a-418e-9d35-a2290c978d73",
            "keywordBot": null,
            "stopEta": 60,
            "domaAiId": null,
            "standardTask": 60,
            "andromedaIds": [
                
            ],
            "cmtReceipt": null
        }
    ],
    "classifierEventMesto1List": [
        {
            "createdBy": "ANavasardyan@sbercity.ru",
            "createdDate": "2024-09-04 19:44:09.863",
            "lastModifiedBy": "ANavasardyan@sbercity.ru",
            "lastModifiedDate": "2024-09-04 19:44:48.100",
            "deletedDate": null,
            "deletedBy": null,
            "isDelete": null,
            "id": "eb4a31d5-5924-4518-a1fa-38d3af8f9e29",
            "number": 4424,
            "name": "Тестыч",
            "parentId": "ea51b5e2-04cf-4e11-ab4a-bdbadd31780e",
            "parentName": "Благодарность",
            "typeNode": "Тип помещения/услуги",
            "needAct": true,
            "needCheck": true,
            "needCheckList": true,
            "maybeWait": true,
            "slaStart": 157265,
            "slaClose": 1106225,
            "favourId": null,
            "keywordBot": null,
            "stopEta": 0,
            "domaAiId": null,
            "standardTask": 0,
            "andromedaIds": [
                
            ],
            "cmtReceipt": null
        },
        {
            "createdBy": "user",
            "createdDate": "2024-04-23 18:00:00.000",
            "lastModifiedBy": "ANavasardyan@sbercity.ru",
            "lastModifiedDate": "2024-07-21 22:40:57.166",
            "deletedDate": null,
            "deletedBy": null,
            "isDelete": null,
            "id": "3460f4cb-efa4-45a5-94bb-628484837473",
            "number": 2668,
            "name": "МКД",
            "parentId": "ea51b5e2-04cf-4e11-ab4a-bdbadd31780e",
            "parentName": "Благодарность",
            "typeNode": "Тип объекта",
            "needAct": true,
            "needCheck": true,
            "needCheckList": true,
            "maybeWait": true,
            "slaStart": 123,
            "slaClose": 123,
            "favourId": null,
            "keywordBot": null,
            "stopEta": 0,
            "domaAiId": null,
            "standardTask": 0,
            "andromedaIds": [
                
            ],
            "cmtReceipt": null
        },
        {
            "createdBy": "ЧерниковЪ Дмитрий Витальевич",
            "createdDate": "2025-10-16 14:51:06.440",
            "lastModifiedBy": "ЧерниковЪ Дмитрий Витальевич",
            "lastModifiedDate": "2025-10-16 14:51:06.440",
            "deletedDate": null,
            "deletedBy": null,
            "isDelete": null,
            "id": "0caff463-5043-4531-9ab2-ff33581164ee",
            "number": 4459,
            "name": "Бронирование",
            "parentId": "ea51b5e2-04cf-4e11-ab4a-bdbadd31780e",
            "parentName": "Благодарность",
            "typeNode": "Приоритет",
            "needAct": false,
            "needCheck": false,
            "needCheckList": false,
            "maybeWait": false,
            "slaStart": 120,
            "slaClose": 120,
            "favourId": null,
            "keywordBot": null,
            "stopEta": 0,
            "domaAiId": null,
            "standardTask": 120,
            "andromedaIds": [
                
            ],
            "cmtReceipt": null
        },
        {
            "createdBy": "Белашов Дмитрий Александрович",
            "createdDate": "2026-01-26 12:15:15.962",
            "lastModifiedBy": "Белашов Дмитрий Александрович",
            "lastModifiedDate": "2026-01-26 12:15:15.962",
            "deletedDate": null,
            "deletedBy": null,
            "isDelete": null,
            "id": "92906d4b-08cc-416a-b736-008929c33028",
            "number": 4474,
            "name": "СОТОВ",
            "parentId": "ea51b5e2-04cf-4e11-ab4a-bdbadd31780e",
            "parentName": "Благодарность",
            "typeNode": "Тип объекта",
            "needAct": true,
            "needCheck": true,
            "needCheckList": true,
            "maybeWait": true,
            "slaStart": 60,
            "slaClose": 120,
            "favourId": null,
            "keywordBot": null,
            "stopEta": 60,
            "domaAiId": null,
            "standardTask": 60,
            "andromedaIds": [
                
            ],
            "cmtReceipt": null
        },
        {
            "createdBy": "Черников Дмитрий Витальевич",
            "createdDate": "2026-02-05 10:42:09.670",
            "lastModifiedBy": "Черников Дмитрий Витальевич",
            "lastModifiedDate": "2026-02-05 10:42:09.670",
            "deletedDate": null,
            "deletedBy": null,
            "isDelete": null,
            "id": "b6fe8585-919b-4754-b7f1-fdf42a6de3a5",
            "number": 4489,
            "name": "Тип объекта",
            "parentId": "ea51b5e2-04cf-4e11-ab4a-bdbadd31780e",
            "parentName": "Благодарность",
            "typeNode": "Тип объекта",
            "needAct": null,
            "needCheck": null,
            "needCheckList": null,
            "maybeWait": null,
            "slaStart": 240,
            "slaClose": 720,
            "favourId": null,
            "keywordBot": null,
            "stopEta": 120,
            "domaAiId": null,
            "standardTask": 60,
            "andromedaIds": [
                
            ],
            "cmtReceipt": null
        },
        {
            "createdBy": "Черников Дмитрий Витальевич",
            "createdDate": "2026-03-04 11:05:36.134",
            "lastModifiedBy": "Черников Дмитрий Витальевич",
            "lastModifiedDate": "2026-03-04 11:55:34.656",
            "deletedDate": null,
            "deletedBy": null,
            "isDelete": null,
            "id": "cb134cac-26f4-4726-ab82-5eb8a9307bae",
            "number": 4521,
            "name": "Sla 12дней",
            "parentId": "ea51b5e2-04cf-4e11-ab4a-bdbadd31780e",
            "parentName": "Благодарность",
            "typeNode": "Тип объекта",
            "needAct": false,
            "needCheck": false,
            "needCheckList": false,
            "maybeWait": false,
            "slaStart": 1,
            "slaClose": 17280,
            "favourId": null,
            "keywordBot": null,
            "stopEta": 60,
            "domaAiId": null,
            "standardTask": 60,
            "andromedaIds": [
                
            ],
            "cmtReceipt": null
        },
        {
            "createdBy": "Черников Дмитрий Витальевич",
            "createdDate": "2025-11-27 11:15:54.962",
            "lastModifiedBy": "Черников Дмитрий Витальевич",
            "lastModifiedDate": "2026-04-13 15:56:08.310",
            "deletedDate": null,
            "deletedBy": null,
            "isDelete": null,
            "id": "654b09d3-0fac-410d-b69d-2a475241b535",
            "number": 4469,
            "name": "Алина/Дима. sla 2 мин",
            "parentId": "ea51b5e2-04cf-4e11-ab4a-bdbadd31780e",
            "parentName": "Благодарность",
            "typeNode": "Тип объекта",
            "needAct": false,
            "needCheck": false,
            "needCheckList": false,
            "maybeWait": true,
            "slaStart": 1,
            "slaClose": 2,
            "favourId": null,
            "keywordBot": null,
            "stopEta": 1,
            "domaAiId": null,
            "standardTask": 1,
            "andromedaIds": [
                
            ],
            "cmtReceipt": null
        }
    ],
    "classifierEventMesto2List": [
        {
            "createdBy": "Черников Дмитрий Витальевич",
            "createdDate": "2026-02-05 10:43:30.195",
            "lastModifiedBy": "Черников Дмитрий Витальевич",
            "lastModifiedDate": "2026-02-05 10:43:30.195",
            "deletedDate": null,
            "deletedBy": null,
            "isDelete": null,
            "id": "d7b410a6-9aa1-4146-b516-2b564275ca48",
            "number": 4490,
            "name": "Тип помещения/услуги",
            "parentId": "b6fe8585-919b-4754-b7f1-fdf42a6de3a5",
            "parentName": "Тип объекта",
            "typeNode": "Тип помещения/услуги",
            "needAct": null,
            "needCheck": null,
            "needCheckList": null,
            "maybeWait": null,
            "slaStart": 180,
            "slaClose": 360,
            "favourId": null,
            "keywordBot": null,
            "stopEta": 60,
            "domaAiId": null,
            "standardTask": 60,
            "andromedaIds": [
                
            ],
            "cmtReceipt": null
        }
    ],
    "classifierEventMesto3List": [
        {
            "createdBy": "Черников Дмитрий Витальевич",
            "createdDate": "2026-02-05 10:45:11.526",
            "lastModifiedBy": "Черников Дмитрий Витальевич",
            "lastModifiedDate": "2026-02-05 10:45:11.526",
            "deletedDate": null,
            "deletedBy": null,
            "isDelete": null,
            "id": "ee996cb8-6388-4ede-b849-b19d3cf0b905",
            "number": 4491,
            "name": "Наименование помещения/услуги",
            "parentId": "d7b410a6-9aa1-4146-b516-2b564275ca48",
            "parentName": "Тип помещения/услуги",
            "typeNode": "Наименование помещения/услуги",
            "needAct": null,
            "needCheck": null,
            "needCheckList": null,
            "maybeWait": null,
            "slaStart": 60,
            "slaClose": 300,
            "favourId": null,
            "keywordBot": null,
            "stopEta": 60,
            "domaAiId": null,
            "standardTask": 60,
            "andromedaIds": [
                
            ],
            "cmtReceipt": null
        }
    ],
    "classifierEventProblem1List": [
        {
            "createdBy": "Черников Дмитрий Витальевич",
            "createdDate": "2026-02-05 10:46:16.024",
            "lastModifiedBy": "Черников Дмитрий Витальевич",
            "lastModifiedDate": "2026-02-05 10:46:16.024",
            "deletedDate": null,
            "deletedBy": null,
            "isDelete": null,
            "id": "654b301a-7c6b-4eb3-9a25-5ab3038af755",
            "number": 4492,
            "name": "С чем проблема",
            "parentId": "ee996cb8-6388-4ede-b849-b19d3cf0b905",
            "parentName": "Наименование помещения/услуги",
            "typeNode": "С чем проблема",
            "needAct": null,
            "needCheck": null,
            "needCheckList": null,
            "maybeWait": null,
            "slaStart": 60,
            "slaClose": 1200,
            "favourId": null,
            "keywordBot": null,
            "stopEta": 300,
            "domaAiId": null,
            "standardTask": 60,
            "andromedaIds": [
                
            ],
            "cmtReceipt": null
        }
    ],
    "classifierEventProblem2List": [
        {
            "createdBy": "Черников Дмитрий Витальевич",
            "createdDate": "2026-02-05 10:47:21.062",
            "lastModifiedBy": "Черников Дмитрий Витальевич",
            "lastModifiedDate": "2026-02-05 10:47:21.062",
            "deletedDate": null,
            "deletedBy": null,
            "isDelete": null,
            "id": "c5734bce-c1b2-4403-a560-8223ba50b877",
            "number": 4493,
            "name": "Детализация проблемы",
            "parentId": "654b301a-7c6b-4eb3-9a25-5ab3038af755",
            "parentName": "С чем проблема",
            "typeNode": "Детализация проблемы",
            "needAct": null,
            "needCheck": null,
            "needCheckList": null,
            "maybeWait": null,
            "slaStart": 60,
            "slaClose": 600,
            "favourId": null,
            "keywordBot": null,
            "stopEta": 60,
            "domaAiId": null,
            "standardTask": 120,
            "andromedaIds": [
                
            ],
            "cmtReceipt": null
        }
    ],
    "classifierEventPriorityList": [
        {
            "createdBy": "Черников Дмитрий Витальевич",
            "createdDate": "2026-02-05 10:48:22.270",
            "lastModifiedBy": "Черников Дмитрий Витальевич",
            "lastModifiedDate": "2026-02-10 10:59:53.693",
            "deletedDate": null,
            "deletedBy": null,
            "isDelete": null,
            "id": "9cb25fe9-b4d4-4094-9681-3e2b18148901",
            "number": 4494,
            "name": "Приоритет",
            "parentId": "c5734bce-c1b2-4403-a560-8223ba50b877",
            "parentName": "Детализация проблемы",
            "typeNode": "Приоритет",
            "needAct": false,
            "needCheck": false,
            "needCheckList": false,
            "maybeWait": false,
            "slaStart": 60,
            "slaClose": 360,
            "favourId": null,
            "keywordBot": null,
            "stopEta": 240,
            "domaAiId": null,
            "standardTask": 120,
            "andromedaIds": [
                
            ],
            "cmtReceipt": null
        },
        {
            "createdBy": "Черников Дмитрий Витальевич",
            "createdDate": "2026-02-11 09:35:42.940",
            "lastModifiedBy": "Черников Дмитрий Витальевич",
            "lastModifiedDate": "2026-03-04 10:54:57.224",
            "deletedDate": null,
            "deletedBy": null,
            "isDelete": null,
            "id": "0801d00d-e0bb-4c59-b567-9fa0cca58d87",
            "number": 4502,
            "name": "Обычная",
            "parentId": "c5734bce-c1b2-4403-a560-8223ba50b877",
            "parentName": "Детализация проблемы",
            "typeNode": "Приоритет",
            "needAct": true,
            "needCheck": false,
            "needCheckList": false,
            "maybeWait": false,
            "slaStart": 60,
            "slaClose": 2880,
            "favourId": null,
            "keywordBot": null,
            "stopEta": 60,
            "domaAiId": null,
            "standardTask": 120,
            "andromedaIds": [
                
            ],
            "cmtReceipt": null
        },
        {
            "createdBy": "Черников Дмитрий Витальевич",
            "createdDate": "2026-02-17 14:41:55.853",
            "lastModifiedBy": "Черников Дмитрий Витальевич",
            "lastModifiedDate": "2026-02-17 14:41:55.853",
            "deletedDate": null,
            "deletedBy": null,
            "isDelete": null,
            "id": "fa8d7b3f-9ee2-4a71-ae4e-0d7e069c78d2",
            "number": 4506,
            "name": "Платная",
            "parentId": "c5734bce-c1b2-4403-a560-8223ba50b877",
            "parentName": "Детализация проблемы",
            "typeNode": "Приоритет",
            "needAct": false,
            "needCheck": false,
            "needCheckList": false,
            "maybeWait": true,
            "slaStart": 120,
            "slaClose": 480,
            "favourId": null,
            "keywordBot": null,
            "stopEta": 180,
            "domaAiId": null,
            "standardTask": 60,
            "andromedaIds": [
                
            ],
            "cmtReceipt": null
        },
        {
            "createdBy": "Черников Дмитрий Витальевич",
            "createdDate": "2026-02-17 17:26:05.389",
            "lastModifiedBy": "Черников Дмитрий Витальевич",
            "lastModifiedDate": "2026-02-17 17:26:05.389",
            "deletedDate": null,
            "deletedBy": null,
            "isDelete": null,
            "id": "4b00b073-176e-4fd0-800b-72298ba6c579",
            "number": 4508,
            "name": "Аварийная",
            "parentId": "c5734bce-c1b2-4403-a560-8223ba50b877",
            "parentName": "Детализация проблемы",
            "typeNode": "Приоритет",
            "needAct": false,
            "needCheck": false,
            "needCheckList": false,
            "maybeWait": true,
            "slaStart": 60,
            "slaClose": 360,
            "favourId": null,
            "keywordBot": null,
            "stopEta": 60,
            "domaAiId": null,
            "standardTask": 60,
            "andromedaIds": [
                
            ],
            "cmtReceipt": null
        },
        {
            "createdBy": "Черников Дмитрий Витальевич",
            "createdDate": "2026-03-02 10:17:19.940",
            "lastModifiedBy": "Черников Дмитрий Витальевич",
            "lastModifiedDate": "2026-04-13 15:08:49.813",
            "deletedDate": null,
            "deletedBy": null,
            "isDelete": null,
            "id": "f3eaebd6-f672-463f-9aa4-e1f4ecc90b29",
            "number": 4520,
            "name": "Гарантийная",
            "parentId": "c5734bce-c1b2-4403-a560-8223ba50b877",
            "parentName": "Детализация проблемы",
            "typeNode": "Приоритет",
            "needAct": false,
            "needCheck": false,
            "needCheckList": false,
            "maybeWait": false,
            "slaStart": 120,
            "slaClose": 86880,
            "favourId": null,
            "keywordBot": null,
            "stopEta": 120,
            "domaAiId": null,
            "standardTask": 60,
            "andromedaIds": [
                
            ],
            "cmtReceipt": null
        }
    ],
    "favourId": null,
    "favourName": null,
    "tariffId": null,
    "tariffName": null,
    "costDiscount": null,
    "paymentTypeId": null,
    "paymentTypeName": null,
    "proposalId": null,
    "timeSlotId": null,
    "idTransaction": null,
    "paymentSuccess": null,
    "dutyStatus": {
        "createdBy": "AAntipov@sbercity.ru",
        "createdDate": "2025-03-03 15:00:00.000",
        "lastModifiedBy": "AAntipov@sbercity.ru",
        "lastModifiedDate": "2025-03-03 15:00:00.000",
        "deletedDate": null,
        "deletedBy": null,
        "isDelete": null,
        "color": "#EB5757",
        "backgroundColor": "#ffffff",
        "icon": null,
        "id": "7043d845-551f-42aa-8145-00e50bc967e7",
        "name": "С просрочкой"
    },
    "follower": null,
    "planStartDateCal": null,
    "planStopDateCal": null,
    "rentObjectUk": null,
    "domaNumber": null,
    "guid1c": null,
    "repairObject": null,
    "cmtReceipt": null,
    "tmcRefusal": null,
    "territoryCrawlResult": null
}

Куки
{}
]]></system-out>
  </testcase>
  <testcase name="documentsTask" classname="TasksTest" time="0.156"/>
  <testcase name="deleteApplication" classname="TasksTest" time="2.63"/>
  <testcase name="deleteTask" classname="TasksTest" time="2.61"/>
</testsuite>